c:\users\justice martinez\desktop\majorclasses\cs\fall 16\data structures\hw\hw6\pr5_banking\pr4_banking\debug\vc140.pdb
c:\users\justice martinez\desktop\majorclasses\cs\fall 16\data structures\hw\hw6\pr5_banking\pr4_banking\debug\vc140.idb
c:\users\justice martinez\desktop\majorclasses\cs\fall 16\data structures\hw\hw6\pr5_banking\pr4_banking\debug\banking_application.obj
c:\users\justice martinez\desktop\majorclasses\cs\fall 16\data structures\hw\hw6\pr5_banking\pr4_banking\debug\readint.obj
c:\users\justice martinez\desktop\majorclasses\cs\fall 16\data structures\hw\hw6\pr5_banking\debug\pr4_banking.ilk
c:\users\justice martinez\desktop\majorclasses\cs\fall 16\data structures\hw\hw6\pr5_banking\debug\pr4_banking.exe
c:\users\justice martinez\desktop\majorclasses\cs\fall 16\data structures\hw\hw6\pr5_banking\debug\pr4_banking.pdb
c:\users\justice martinez\documents\github\cs273\hw06\pr5_banking\pr4_banking\debug\banking_application.obj
c:\users\justice martinez\documents\github\cs273\hw06\pr5_banking\pr4_banking\debug\readint.obj
c:\users\justice martinez\documents\github\cs273\hw06\pr5_banking\pr4_banking\debug\vc140.idb
c:\users\justice martinez\documents\github\cs273\hw06\pr5_banking\pr4_banking\debug\vc140.pdb
c:\users\justice martinez\documents\github\cs273\hw06\pr5_banking\debug\pr4_banking.pdb
c:\users\justice martinez\documents\github\cs273\hw06\pr5_banking\debug\pr4_banking.exe
c:\users\justice martinez\documents\github\cs273\hw06\pr5_banking\debug\pr4_banking.ilk
c:\users\justice martinez\documents\github\cs273\hw06\pr5_banking\pr4_banking\debug\pr4_banking.tlog\cl.command.1.tlog
c:\users\justice martinez\documents\github\cs273\hw06\pr5_banking\pr4_banking\debug\pr4_banking.tlog\cl.read.1.tlog
c:\users\justice martinez\documents\github\cs273\hw06\pr5_banking\pr4_banking\debug\pr4_banking.tlog\cl.write.1.tlog
c:\users\justice martinez\documents\github\cs273\hw06\pr5_banking\pr4_banking\debug\pr4_banking.tlog\link.command.1.tlog
c:\users\justice martinez\documents\github\cs273\hw06\pr5_banking\pr4_banking\debug\pr4_banking.tlog\link.read.1.tlog
c:\users\justice martinez\documents\github\cs273\hw06\pr5_banking\pr4_banking\debug\pr4_banking.tlog\link.write.1.tlog
